0chain-core-sdk [INFO]   2019/06/15 18:13:14.533343 wallet.go:113: ******* Wallet SDK Version:1.0.3 *******
0box-sdk [INFO]   2019/06/15 18:13:14.533688 sdk.go:45: ******* Storage SDK Version: 1.0.3 *******
0chain-core-sdk [INFO]   2019/06/15 18:13:14.535220 wallet.go:199: http://ohio.devj.testnet-0chain.net:7076/v1/client/put
0chain-core-sdk [INFO]   2019/06/15 18:13:14.535225 wallet.go:199: http://ohio.devj.testnet-0chain.net:7073/v1/client/put
0chain-core-sdk [INFO]   2019/06/15 18:13:14.535254 wallet.go:199: http://ohio.devj.testnet-0chain.net:7072/v1/client/put
0chain-core-sdk [INFO]   2019/06/15 18:13:14.535260 wallet.go:199: http://ohio.devj.testnet-0chain.net:7074/v1/client/put
0chain-core-sdk [INFO]   2019/06/15 18:13:14.535265 wallet.go:199: http://ohio.devj.testnet-0chain.net:7075/v1/client/put
0chain-core-sdk [INFO]   2019/06/15 18:13:14.535294 wallet.go:199: http://ohio.devj.testnet-0chain.net:7071/v1/client/put
0chain-core-sdk [INFO]   2019/06/15 18:14:41.078412 wallet.go:113: ******* Wallet SDK Version:1.0.3 *******
0box-sdk [INFO]   2019/06/15 18:14:41.078805 sdk.go:45: ******* Storage SDK Version: 1.0.3 *******
0chain-core-sdk [INFO]   2019/06/15 18:14:41.080231 wallet.go:199: http://ohio.devj.testnet-0chain.net:7072/v1/client/put
0chain-core-sdk [INFO]   2019/06/15 18:14:41.080316 wallet.go:199: http://ohio.devj.testnet-0chain.net:7074/v1/client/put
0chain-core-sdk [INFO]   2019/06/15 18:14:41.080386 wallet.go:199: http://ohio.devj.testnet-0chain.net:7071/v1/client/put
0chain-core-sdk [INFO]   2019/06/15 18:14:41.080283 wallet.go:199: http://ohio.devj.testnet-0chain.net:7073/v1/client/put
0chain-core-sdk [INFO]   2019/06/15 18:14:41.080347 wallet.go:199: http://ohio.devj.testnet-0chain.net:7075/v1/client/put
0chain-core-sdk [INFO]   2019/06/15 18:14:41.080243 wallet.go:199: http://ohio.devj.testnet-0chain.net:7076/v1/client/put
0chain-core-sdk [INFO]   2019/06/15 18:14:55.410795 wallet.go:113: ******* Wallet SDK Version:1.0.3 *******
0box-sdk [INFO]   2019/06/15 18:14:55.410936 sdk.go:45: ******* Storage SDK Version: 1.0.3 *******
0box-sdk [31m[ERROR]  2019/06/15 18:15:26.670217 sdk.go:139: Error verifying the allocation transactiontransaction_not_found: Transaction was not found on any of the shardersbda646549038891ab99eff08864578d5ed4e91b6b8d3da0c0ee413d107b68ce6[0m
0chain-core-sdk [INFO]   2019/06/15 18:23:50.123241 wallet.go:113: ******* Wallet SDK Version:1.0.3 *******
0box-sdk [INFO]   2019/06/15 18:23:50.123613 sdk.go:45: ******* Storage SDK Version: 1.0.3 *******
0chain-core-sdk [INFO]   2019/06/15 18:24:31.459725 wallet.go:113: ******* Wallet SDK Version:1.0.3 *******
0box-sdk [INFO]   2019/06/15 18:24:31.460094 sdk.go:45: ******* Storage SDK Version: 1.0.3 *******
0box-sdk [31m[ERROR]  2019/06/15 18:24:32.001924 uploadworker.go:165: http://pedb.devb.testnet-0chain.net:5051 Upload error response: 400content_merkle_root_mismatch: Merkle root provided in the meta data does not match the file content
[0m
0box-sdk [31m[ERROR]  2019/06/15 18:24:32.009351 uploadworker.go:165: http://peda.devb.testnet-0chain.net:5051 Upload error response: 400content_merkle_root_mismatch: Merkle root provided in the meta data does not match the file content
[0m
0box-sdk [31m[ERROR]  2019/06/15 18:24:32.742181 uploadworker.go:165: http://vira.devb.testnet-0chain.net:5051 Upload error response: 400content_merkle_root_mismatch: Merkle root provided in the meta data does not match the file content
[0m
0box-sdk [31m[ERROR]  2019/06/15 18:24:32.742178 uploadworker.go:165: http://virb.devb.testnet-0chain.net:5051 Upload error response: 400content_merkle_root_mismatch: Merkle root provided in the meta data does not match the file content
[0m
0chain-core-sdk [INFO]   2019/06/15 18:24:51.353511 wallet.go:113: ******* Wallet SDK Version:1.0.3 *******
0box-sdk [INFO]   2019/06/15 18:24:51.354072 sdk.go:45: ******* Storage SDK Version: 1.0.3 *******
0box-sdk [31m[ERROR]  2019/06/15 18:24:51.819470 uploadworker.go:165: http://pedb.devb.testnet-0chain.net:5051 Upload error response: 400invalid_file_update: File at path does not exist for update
[0m
0box-sdk [31m[ERROR]  2019/06/15 18:24:51.851226 uploadworker.go:165: http://peda.devb.testnet-0chain.net:5051 Upload error response: 400invalid_file_update: File at path does not exist for update
[0m
0box-sdk [31m[ERROR]  2019/06/15 18:24:52.254434 uploadworker.go:165: http://vira.devb.testnet-0chain.net:5051 Upload error response: 400invalid_file_update: File at path does not exist for update
[0m
0box-sdk [31m[ERROR]  2019/06/15 18:24:52.254451 uploadworker.go:165: http://virb.devb.testnet-0chain.net:5051 Upload error response: 400invalid_file_update: File at path does not exist for update
[0m
0chain-core-sdk [INFO]   2019/06/15 18:25:36.967965 wallet.go:113: ******* Wallet SDK Version:1.0.3 *******
0box-sdk [INFO]   2019/06/15 18:25:36.968034 sdk.go:45: ******* Storage SDK Version: 1.0.3 *******
0box-sdk [31m[ERROR]  2019/06/15 18:25:37.472960 uploadworker.go:165: http://peda.devb.testnet-0chain.net:5051 Upload error response: 400content_merkle_root_mismatch: Merkle root provided in the meta data does not match the file content
[0m
0box-sdk [31m[ERROR]  2019/06/15 18:25:37.498128 uploadworker.go:165: http://pedb.devb.testnet-0chain.net:5051 Upload error response: 400content_merkle_root_mismatch: Merkle root provided in the meta data does not match the file content
[0m
0box-sdk [31m[ERROR]  2019/06/15 18:25:38.024181 uploadworker.go:165: http://virb.devb.testnet-0chain.net:5051 Upload error response: 400content_merkle_root_mismatch: Merkle root provided in the meta data does not match the file content
[0m
0box-sdk [31m[ERROR]  2019/06/15 18:25:38.043599 uploadworker.go:165: http://vira.devb.testnet-0chain.net:5051 Upload error response: 400content_merkle_root_mismatch: Merkle root provided in the meta data does not match the file content
[0m
0chain-core-sdk [INFO]   2019/06/15 18:25:47.865891 wallet.go:113: ******* Wallet SDK Version:1.0.3 *******
0box-sdk [INFO]   2019/06/15 18:25:47.866279 sdk.go:45: ******* Storage SDK Version: 1.0.3 *******
0box-sdk [31m[ERROR]  2019/06/15 18:25:48.336935 uploadworker.go:165: http://pedb.devb.testnet-0chain.net:5051 Upload error response: 400invalid_file_update: File at path does not exist for update
[0m
0box-sdk [31m[ERROR]  2019/06/15 18:25:48.336953 uploadworker.go:165: http://peda.devb.testnet-0chain.net:5051 Upload error response: 400invalid_file_update: File at path does not exist for update
[0m
0box-sdk [31m[ERROR]  2019/06/15 18:25:48.710220 uploadworker.go:165: http://virb.devb.testnet-0chain.net:5051 Upload error response: 400invalid_file_update: File at path does not exist for update
[0m
0box-sdk [31m[ERROR]  2019/06/15 18:25:48.752378 uploadworker.go:165: http://vira.devb.testnet-0chain.net:5051 Upload error response: 400invalid_file_update: File at path does not exist for update
[0m
0chain-core-sdk [INFO]   2019/06/15 18:26:33.096237 wallet.go:113: ******* Wallet SDK Version:1.0.3 *******
0box-sdk [INFO]   2019/06/15 18:26:33.096308 sdk.go:45: ******* Storage SDK Version: 1.0.3 *******
0box-sdk [31m[ERROR]  2019/06/15 18:26:33.615189 uploadworker.go:165: http://peda.devb.testnet-0chain.net:5051 Upload error response: 400invalid_file_update: File at path does not exist for update
[0m
0box-sdk [31m[ERROR]  2019/06/15 18:26:33.644842 uploadworker.go:165: http://pedb.devb.testnet-0chain.net:5051 Upload error response: 400invalid_file_update: File at path does not exist for update
[0m
0box-sdk [31m[ERROR]  2019/06/15 18:26:34.033133 uploadworker.go:165: http://vira.devb.testnet-0chain.net:5051 Upload error response: 400invalid_file_update: File at path does not exist for update
[0m
0box-sdk [31m[ERROR]  2019/06/15 18:26:34.065096 uploadworker.go:165: http://virb.devb.testnet-0chain.net:5051 Upload error response: 400invalid_file_update: File at path does not exist for update
[0m
0chain-core-sdk [INFO]   2019/06/15 18:27:09.055016 wallet.go:113: ******* Wallet SDK Version:1.0.3 *******
0box-sdk [INFO]   2019/06/15 18:27:09.055087 sdk.go:45: ******* Storage SDK Version: 1.0.3 *******
0chain-core-sdk [INFO]   2019/06/15 18:27:23.432671 wallet.go:113: ******* Wallet SDK Version:1.0.3 *******
0box-sdk [INFO]   2019/06/15 18:27:23.432770 sdk.go:45: ******* Storage SDK Version: 1.0.3 *******
0box-sdk [31m[ERROR]  2019/06/15 18:27:23.962034 uploadworker.go:165: http://peda.devb.testnet-0chain.net:5051 Upload error response: 400invalid_file_update: File at path does not exist for update
[0m
0box-sdk [31m[ERROR]  2019/06/15 18:27:23.971694 uploadworker.go:165: http://pedb.devb.testnet-0chain.net:5051 Upload error response: 400invalid_file_update: File at path does not exist for update
[0m
0box-sdk [31m[ERROR]  2019/06/15 18:27:24.346310 uploadworker.go:165: http://vira.devb.testnet-0chain.net:5051 Upload error response: 400invalid_file_update: File at path does not exist for update
[0m
0box-sdk [31m[ERROR]  2019/06/15 18:27:24.375658 uploadworker.go:165: http://virb.devb.testnet-0chain.net:5051 Upload error response: 400invalid_file_update: File at path does not exist for update
[0m
0chain-core-sdk [INFO]   2019/06/15 18:27:32.697200 wallet.go:113: ******* Wallet SDK Version:1.0.3 *******
0box-sdk [INFO]   2019/06/15 18:27:32.697276 sdk.go:45: ******* Storage SDK Version: 1.0.3 *******
0box-sdk [31m[ERROR]  2019/06/15 18:27:33.168331 uploadworker.go:165: http://pedb.devb.testnet-0chain.net:5051 Upload error response: 400content_merkle_root_mismatch: Merkle root provided in the meta data does not match the file content
[0m
0box-sdk [31m[ERROR]  2019/06/15 18:27:33.176158 uploadworker.go:165: http://peda.devb.testnet-0chain.net:5051 Upload error response: 400content_merkle_root_mismatch: Merkle root provided in the meta data does not match the file content
[0m
0box-sdk [31m[ERROR]  2019/06/15 18:27:33.663431 uploadworker.go:165: http://vira.devb.testnet-0chain.net:5051 Upload error response: 400content_merkle_root_mismatch: Merkle root provided in the meta data does not match the file content
[0m
0box-sdk [31m[ERROR]  2019/06/15 18:27:33.676279 uploadworker.go:165: http://virb.devb.testnet-0chain.net:5051 Upload error response: 400content_merkle_root_mismatch: Merkle root provided in the meta data does not match the file content
[0m
0chain-core-sdk [INFO]   2019/06/15 18:28:20.135472 wallet.go:113: ******* Wallet SDK Version:1.0.3 *******
0box-sdk [INFO]   2019/06/15 18:28:20.135818 sdk.go:45: ******* Storage SDK Version: 1.0.3 *******
0box-sdk [31m[ERROR]  2019/06/15 18:28:20.632329 uploadworker.go:165: http://peda.devb.testnet-0chain.net:5051 Upload error response: 400content_merkle_root_mismatch: Merkle root provided in the meta data does not match the file content
[0m
0box-sdk [31m[ERROR]  2019/06/15 18:28:20.678019 uploadworker.go:165: http://pedb.devb.testnet-0chain.net:5051 Upload error response: 400content_merkle_root_mismatch: Merkle root provided in the meta data does not match the file content
[0m
0box-sdk [31m[ERROR]  2019/06/15 18:28:21.166789 uploadworker.go:165: http://vira.devb.testnet-0chain.net:5051 Upload error response: 400content_merkle_root_mismatch: Merkle root provided in the meta data does not match the file content
[0m
0box-sdk [31m[ERROR]  2019/06/15 18:28:21.177515 uploadworker.go:165: http://virb.devb.testnet-0chain.net:5051 Upload error response: 400content_merkle_root_mismatch: Merkle root provided in the meta data does not match the file content
[0m
0chain-core-sdk [INFO]   2019/06/15 18:29:45.592815 wallet.go:113: ******* Wallet SDK Version:1.0.3 *******
0box-sdk [INFO]   2019/06/15 18:29:45.593165 sdk.go:45: ******* Storage SDK Version: 1.0.3 *******
0chain-core-sdk [INFO]   2019/06/15 18:29:45.594145 wallet.go:199: http://virb.devb.testnet-0chain.net:7071/v1/client/put
0chain-core-sdk [INFO]   2019/06/15 18:29:45.594255 wallet.go:199: http://vira.devb.testnet-0chain.net:7071/v1/client/put
0chain-core-sdk [INFO]   2019/06/15 18:29:45.594217 wallet.go:199: http://peda.devb.testnet-0chain.net:7071/v1/client/put
0chain-core-sdk [INFO]   2019/06/15 18:29:45.594177 wallet.go:199: http://pedb.devb.testnet-0chain.net:7071/v1/client/put
0chain-core-sdk [31m[ERROR]  2019/06/15 18:29:45.632524 wallet.go:208: http://peda.devb.testnet-0chain.net:7071send error. Post http://peda.devb.testnet-0chain.net:7071/v1/client/put: dial tcp 50.209.131.100:7071: connect: connection refused[0m
0chain-core-sdk [INFO]   2019/06/15 18:30:00.461684 wallet.go:113: ******* Wallet SDK Version:1.0.3 *******
0box-sdk [INFO]   2019/06/15 18:30:00.461998 sdk.go:45: ******* Storage SDK Version: 1.0.3 *******
0box-sdk [31m[ERROR]  2019/06/15 18:30:00.960042 uploadworker.go:165: http://pedb.devb.testnet-0chain.net:5051 Upload error response: 400content_merkle_root_mismatch: Merkle root provided in the meta data does not match the file content
[0m
0box-sdk [31m[ERROR]  2019/06/15 18:30:00.967647 uploadworker.go:165: http://peda.devb.testnet-0chain.net:5051 Upload error response: 400content_merkle_root_mismatch: Merkle root provided in the meta data does not match the file content
[0m
0box-sdk [31m[ERROR]  2019/06/15 18:30:01.487614 uploadworker.go:165: http://virb.devb.testnet-0chain.net:5051 Upload error response: 400content_merkle_root_mismatch: Merkle root provided in the meta data does not match the file content
[0m
0box-sdk [31m[ERROR]  2019/06/15 18:30:01.504659 uploadworker.go:165: http://vira.devb.testnet-0chain.net:5051 Upload error response: 400content_merkle_root_mismatch: Merkle root provided in the meta data does not match the file content
[0m
0chain-core-sdk [INFO]   2019/06/15 19:48:48.290494 wallet.go:113: ******* Wallet SDK Version:1.0.3 *******
0box-sdk [INFO]   2019/06/15 19:48:48.291524 sdk.go:45: ******* Storage SDK Version: 1.0.3 *******
0chain-core-sdk [INFO]   2019/06/15 19:48:48.295721 wallet.go:199: http://pedb.devb.testnet-0chain.net:7071/v1/client/put
0chain-core-sdk [INFO]   2019/06/15 19:48:48.295694 wallet.go:199: http://virb.devb.testnet-0chain.net:7071/v1/client/put
0chain-core-sdk [INFO]   2019/06/15 19:48:48.295921 wallet.go:199: http://peda.devb.testnet-0chain.net:7071/v1/client/put
0chain-core-sdk [INFO]   2019/06/15 19:48:48.295969 wallet.go:199: http://vira.devb.testnet-0chain.net:7071/v1/client/put
0chain-core-sdk [INFO]   2019/06/15 19:48:56.476718 wallet.go:113: ******* Wallet SDK Version:1.0.3 *******
0box-sdk [INFO]   2019/06/15 19:48:56.477097 sdk.go:45: ******* Storage SDK Version: 1.0.3 *******
0chain-core-sdk [INFO]   2019/06/15 19:49:28.791608 wallet.go:113: ******* Wallet SDK Version:1.0.3 *******
0box-sdk [INFO]   2019/06/15 19:49:28.791983 sdk.go:45: ******* Storage SDK Version: 1.0.3 *******
0box-sdk [31m[ERROR]  2019/06/15 19:49:29.331345 uploadworker.go:165: http://pedb.devb.testnet-0chain.net:5051 Upload error response: 400content_merkle_root_mismatch: Merkle root provided in the meta data does not match the file content
[0m
0box-sdk [31m[ERROR]  2019/06/15 19:49:29.341783 uploadworker.go:165: http://peda.devb.testnet-0chain.net:5051 Upload error response: 400content_merkle_root_mismatch: Merkle root provided in the meta data does not match the file content
[0m
0box-sdk [31m[ERROR]  2019/06/15 19:49:29.982109 uploadworker.go:165: http://virb.devb.testnet-0chain.net:5051 Upload error response: 400content_merkle_root_mismatch: Merkle root provided in the meta data does not match the file content
[0m
0box-sdk [31m[ERROR]  2019/06/15 19:49:30.007161 uploadworker.go:165: http://vira.devb.testnet-0chain.net:5051 Upload error response: 400content_merkle_root_mismatch: Merkle root provided in the meta data does not match the file content
[0m
0chain-core-sdk [INFO]   2019/06/15 19:51:39.765936 wallet.go:113: ******* Wallet SDK Version:1.0.3 *******
0box-sdk [INFO]   2019/06/15 19:51:39.766378 sdk.go:45: ******* Storage SDK Version: 1.0.3 *******
0box-sdk [31m[ERROR]  2019/06/15 19:51:40.330810 uploadworker.go:165: http://pedb.devb.testnet-0chain.net:5051 Upload error response: 400content_merkle_root_mismatch: Merkle root provided in the meta data does not match the file content
[0m
0box-sdk [31m[ERROR]  2019/06/15 19:51:40.831226 uploadworker.go:165: http://vira.devb.testnet-0chain.net:5051 Upload error response: 400content_merkle_root_mismatch: Merkle root provided in the meta data does not match the file content
[0m
0box-sdk [31m[ERROR]  2019/06/15 19:51:40.854140 uploadworker.go:165: http://virb.devb.testnet-0chain.net:5051 Upload error response: 400content_merkle_root_mismatch: Merkle root provided in the meta data does not match the file content
[0m
0box-sdk [31m[ERROR]  2019/06/15 19:51:41.040586 uploadworker.go:165: http://peda.devb.testnet-0chain.net:5051 Upload error response: 400content_merkle_root_mismatch: Merkle root provided in the meta data does not match the file content
[0m
0chain-core-sdk [INFO]   2019/06/15 19:53:31.321899 wallet.go:113: ******* Wallet SDK Version:1.0.3 *******
0box-sdk [INFO]   2019/06/15 19:53:31.322251 sdk.go:45: ******* Storage SDK Version: 1.0.3 *******
0box-sdk [31m[ERROR]  2019/06/15 19:53:32.063711 uploadworker.go:165: http://peda.devb.testnet-0chain.net:5051 Upload error response: 400content_merkle_root_mismatch: Merkle root provided in the meta data does not match the file content
[0m
0box-sdk [31m[ERROR]  2019/06/15 19:53:32.097437 uploadworker.go:165: http://pedb.devb.testnet-0chain.net:5051 Upload error response: 400content_merkle_root_mismatch: Merkle root provided in the meta data does not match the file content
[0m
0box-sdk [31m[ERROR]  2019/06/15 19:53:32.606147 uploadworker.go:165: http://virb.devb.testnet-0chain.net:5051 Upload error response: 400content_merkle_root_mismatch: Merkle root provided in the meta data does not match the file content
[0m
0box-sdk [31m[ERROR]  2019/06/15 19:53:32.612329 uploadworker.go:165: http://vira.devb.testnet-0chain.net:5051 Upload error response: 400content_merkle_root_mismatch: Merkle root provided in the meta data does not match the file content
[0m
0chain-core-sdk [INFO]   2019/06/15 20:01:01.226265 wallet.go:113: ******* Wallet SDK Version:1.0.3 *******
0box-sdk [INFO]   2019/06/15 20:01:01.226560 sdk.go:45: ******* Storage SDK Version: 1.0.3 *******
0box-sdk [31m[ERROR]  2019/06/15 20:02:18.858757 uploadworker.go:165: http://peda.devb.testnet-0chain.net:5051 Upload error response: 400invalid_file_update: File at path does not exist for update
[0m
0box-sdk [31m[ERROR]  2019/06/15 20:02:18.891664 uploadworker.go:165: http://pedb.devb.testnet-0chain.net:5051 Upload error response: 400invalid_file_update: File at path does not exist for update
[0m
0box-sdk [31m[ERROR]  2019/06/15 20:02:18.995845 uploadworker.go:165: http://vira.devb.testnet-0chain.net:5051 Upload error response: 400invalid_file_update: File at path does not exist for update
[0m
0box-sdk [31m[ERROR]  2019/06/15 20:02:19.157249 uploadworker.go:165: http://virb.devb.testnet-0chain.net:5051 Upload error response: 400invalid_file_update: File at path does not exist for update
[0m
0chain-core-sdk [INFO]   2019/06/15 20:02:54.738317 wallet.go:113: ******* Wallet SDK Version:1.0.3 *******
0box-sdk [INFO]   2019/06/15 20:02:54.738670 sdk.go:45: ******* Storage SDK Version: 1.0.3 *******
0box-sdk [31m[ERROR]  2019/06/15 20:04:16.198229 uploadworker.go:165: http://pedb.devb.testnet-0chain.net:5051 Upload error response: 400content_merkle_root_mismatch: Merkle root provided in the meta data does not match the file content
[0m
0box-sdk [31m[ERROR]  2019/06/15 20:04:16.323556 uploadworker.go:165: http://virb.devb.testnet-0chain.net:5051 Upload error response: 400content_merkle_root_mismatch: Merkle root provided in the meta data does not match the file content
[0m
0box-sdk [31m[ERROR]  2019/06/15 20:04:16.501289 uploadworker.go:165: http://vira.devb.testnet-0chain.net:5051 Upload error response: 400content_merkle_root_mismatch: Merkle root provided in the meta data does not match the file content
[0m
0box-sdk [31m[ERROR]  2019/06/15 20:04:17.128473 uploadworker.go:165: http://peda.devb.testnet-0chain.net:5051 Upload error response: 400content_merkle_root_mismatch: Merkle root provided in the meta data does not match the file content
[0m
0chain-core-sdk [INFO]   2019/06/15 20:05:40.876878 wallet.go:113: ******* Wallet SDK Version:1.0.3 *******
0box-sdk [INFO]   2019/06/15 20:05:40.877137 sdk.go:45: ******* Storage SDK Version: 1.0.3 *******
0box-sdk [31m[ERROR]  2019/06/15 20:05:41.467262 uploadworker.go:165: http://peda.devb.testnet-0chain.net:5051 Upload error response: 400content_merkle_root_mismatch: Merkle root provided in the meta data does not match the file content
[0m
0box-sdk [31m[ERROR]  2019/06/15 20:05:41.503992 uploadworker.go:165: http://pedb.devb.testnet-0chain.net:5051 Upload error response: 400content_merkle_root_mismatch: Merkle root provided in the meta data does not match the file content
[0m
0box-sdk [31m[ERROR]  2019/06/15 20:05:41.921089 uploadworker.go:165: http://vira.devb.testnet-0chain.net:5051 Upload error response: 400content_merkle_root_mismatch: Merkle root provided in the meta data does not match the file content
[0m
0box-sdk [31m[ERROR]  2019/06/15 20:05:41.960857 uploadworker.go:165: http://virb.devb.testnet-0chain.net:5051 Upload error response: 400content_merkle_root_mismatch: Merkle root provided in the meta data does not match the file content
[0m
